<?xml version="1.0" encoding="UTF-8"?>
<!-- Generated by org.testng.reporters.JUnitReportReporter -->
<testsuite hostname="Ameet" failures="0" tests="18" name="testcases.RestAssured_TestCases_PL1" time="59.937" errors="0" timestamp="2024-12-18T18:45:42 IST" skipped="0">
  <testcase classname="testcases.RestAssured_TestCases_PL1" name="getAllDepartmentsTest" time="18.407"/>
  <testcase classname="testcases.RestAssured_TestCases_PL1" name="getAllItemsTest" time="1.163"/>
  <testcase classname="testcases.RestAssured_TestCases_PL1" name="getIncentiveSummary" time="6.725"/>
  <testcase classname="testcases.RestAssured_TestCases_PL1" name="getIncentiveReffSummary" time="1.018"/>
  <testcase classname="testcases.RestAssured_TestCases_PL1" name="getHospitalIncomeIncReport" time="1.060"/>
  <testcase classname="testcases.RestAssured_TestCases_PL1" name="getIncenEmpBillItems" time="1.050"/>
  <testcase classname="testcases.RestAssured_TestCases_PL1" name="getInventoryFiscalYears" time="6.088"/>
  <testcase classname="testcases.RestAssured_TestCases_PL1" name="activateInventory" time="1.004"/>
  <testcase classname="testcases.RestAssured_TestCases_PL1" name="inventorySubCategory" time="0.967"/>
  <testcase classname="testcases.RestAssured_TestCases_PL1" name="availableItems" time="0.774"/>
  <testcase classname="testcases.RestAssured_TestCases_PL1" name="requisitionItems" time="1.960"/>
  <testcase classname="testcases.RestAssured_TestCases_PL1" name="verifyRequisitionAndDispatchFields" time="0.702"/>
  <testcase classname="testcases.RestAssured_TestCases_PL1" name="inventoryItemByStoreId" time="0.683"/>
  <testcase classname="testcases.RestAssured_TestCases_PL1" name="mostSoldMedicine" time="0.982"/>
  <testcase classname="testcases.RestAssured_TestCases_PL1" name="substoreWiseDisp" time="0.852"/>
  <testcase classname="testcases.RestAssured_TestCases_PL1" name="activSupp" time="3.198"/>
  <testcase classname="testcases.RestAssured_TestCases_PL1" name="measureUnits" time="12.494"/>
  <testcase classname="testcases.RestAssured_TestCases_PL1" name="salesCat" time="0.810"/>
</testsuite> <!-- testcases.RestAssured_TestCases_PL1 -->
