<?xml version="1.0" encoding="UTF-8"?>
<!-- Generated by org.testng.reporters.JUnitReportReporter -->
<testsuite hostname="Ameet" failures="0" tests="18" name="testcases.RestAssured_TestCases_PL1" time="27.302" errors="0" timestamp="2024-12-27T16:23:00 IST" skipped="0">
  <testcase classname="testcases.RestAssured_TestCases_PL1" name="getAllDepartmentsTest" time="8.007"/>
  <testcase classname="testcases.RestAssured_TestCases_PL1" name="getAllItemsTest" time="1.164"/>
  <testcase classname="testcases.RestAssured_TestCases_PL1" name="getIncentiveSummary" time="4.903"/>
  <testcase classname="testcases.RestAssured_TestCases_PL1" name="getIncentiveReffSummary" time="0.922"/>
  <testcase classname="testcases.RestAssured_TestCases_PL1" name="getHospitalIncomeIncReport" time="0.810"/>
  <testcase classname="testcases.RestAssured_TestCases_PL1" name="getIncenEmpBillItems" time="0.638"/>
  <testcase classname="testcases.RestAssured_TestCases_PL1" name="getInventoryFiscalYears" time="2.258"/>
  <testcase classname="testcases.RestAssured_TestCases_PL1" name="activateInventory" time="0.531"/>
  <testcase classname="testcases.RestAssured_TestCases_PL1" name="inventorySubCategory" time="0.674"/>
  <testcase classname="testcases.RestAssured_TestCases_PL1" name="availableItems" time="0.724"/>
  <testcase classname="testcases.RestAssured_TestCases_PL1" name="requisitionItems" time="0.631"/>
  <testcase classname="testcases.RestAssured_TestCases_PL1" name="verifyRequisitionAndDispatchFields" time="0.857"/>
  <testcase classname="testcases.RestAssured_TestCases_PL1" name="inventoryItemByStoreId" time="0.523"/>
  <testcase classname="testcases.RestAssured_TestCases_PL1" name="mostSoldMedicine" time="0.934"/>
  <testcase classname="testcases.RestAssured_TestCases_PL1" name="substoreWiseDisp" time="1.134"/>
  <testcase classname="testcases.RestAssured_TestCases_PL1" name="activSupp" time="0.618"/>
  <testcase classname="testcases.RestAssured_TestCases_PL1" name="measureUnits" time="1.299"/>
  <testcase classname="testcases.RestAssured_TestCases_PL1" name="salesCat" time="0.675"/>
</testsuite> <!-- testcases.RestAssured_TestCases_PL1 -->
